2025-08-30 07:47:15,404 - src.game.data.save_manager - INFO - Load successful: save/state.json
2025-08-30 07:47:16,319 - __main__ - INFO - Game engine initialized successfully
2025-08-30 07:47:46,342 - src.game.data.save_manager - INFO - Save successful: save/state.json
2025-08-30 07:47:46,357 - src.game.data.save_manager - INFO - Save successful: save/state.json
2025-08-30 07:48:16,367 - src.game.data.save_manager - INFO - Save successful: save/state.json
2025-08-30 07:48:16,381 - src.game.data.save_manager - INFO - Save successful: save/state.json
2025-08-30 07:48:46,388 - src.game.data.save_manager - INFO - Save successful: save/state.json
2025-08-30 07:48:46,402 - src.game.data.save_manager - INFO - Save successful: save/state.json
2025-08-30 07:49:16,401 - src.game.data.save_manager - INFO - Save successful: save/state.json
2025-08-30 07:49:16,419 - src.game.data.save_manager - INFO - Save successful: save/state.json
2025-08-30 07:49:46,410 - src.game.data.save_manager - INFO - Save successful: save/state.json
2025-08-30 07:49:46,423 - src.game.data.save_manager - INFO - Save successful: save/state.json
2025-08-30 07:50:16,414 - src.game.data.save_manager - INFO - Save successful: save/state.json
2025-08-30 07:50:16,431 - src.game.data.save_manager - INFO - Save successful: save/state.json
2025-08-30 07:50:46,430 - src.game.data.save_manager - INFO - Save successful: save/state.json
2025-08-30 07:50:46,458 - src.game.data.save_manager - INFO - Save successful: save/state.json
2025-08-30 07:51:16,446 - src.game.data.save_manager - INFO - Save successful: save/state.json
2025-08-30 07:51:16,466 - src.game.data.save_manager - INFO - Save successful: save/state.json
2025-08-30 07:51:46,480 - src.game.data.save_manager - INFO - Save successful: save/state.json
2025-08-30 07:51:46,500 - src.game.data.save_manager - INFO - Save successful: save/state.json
2025-08-30 07:52:16,483 - src.game.data.save_manager - INFO - Save successful: save/state.json
2025-08-30 07:52:16,498 - src.game.data.save_manager - INFO - Save successful: save/state.json
2025-08-30 07:52:46,484 - src.game.data.save_manager - INFO - Save successful: save/state.json
2025-08-30 07:52:46,506 - src.game.data.save_manager - INFO - Save successful: save/state.json
2025-08-30 07:53:16,525 - src.game.data.save_manager - INFO - Save successful: save/state.json
2025-08-30 07:53:16,547 - src.game.data.save_manager - INFO - Save successful: save/state.json
2025-08-30 07:53:46,537 - src.game.data.save_manager - INFO - Save successful: save/state.json
2025-08-30 07:53:46,577 - src.game.data.save_manager - INFO - Save successful: save/state.json
2025-08-30 07:54:16,542 - src.game.data.save_manager - INFO - Save successful: save/state.json
2025-08-30 07:54:16,562 - src.game.data.save_manager - INFO - Save successful: save/state.json
2025-08-30 07:54:46,567 - src.game.data.save_manager - INFO - Save successful: save/state.json
2025-08-30 07:54:46,594 - src.game.data.save_manager - INFO - Save successful: save/state.json
2025-08-30 07:55:16,576 - src.game.data.save_manager - INFO - Save successful: save/state.json
2025-08-30 07:55:16,595 - src.game.data.save_manager - INFO - Save successful: save/state.json
2025-08-30 07:55:46,579 - src.game.data.save_manager - INFO - Save successful: save/state.json
2025-08-30 07:55:46,595 - src.game.data.save_manager - INFO - Save successful: save/state.json
2025-08-30 07:56:16,592 - src.game.data.save_manager - INFO - Save successful: save/state.json
2025-08-30 07:56:16,612 - src.game.data.save_manager - INFO - Save successful: save/state.json
2025-08-30 07:56:46,611 - src.game.data.save_manager - INFO - Save successful: save/state.json
2025-08-30 07:56:46,633 - src.game.data.save_manager - INFO - Save successful: save/state.json
2025-08-30 07:57:16,632 - src.game.data.save_manager - INFO - Save successful: save/state.json
2025-08-30 07:57:16,653 - src.game.data.save_manager - INFO - Save successful: save/state.json
2025-08-30 07:57:46,688 - src.game.data.save_manager - INFO - Save successful: save/state.json
2025-08-30 07:57:46,715 - src.game.data.save_manager - INFO - Save successful: save/state.json
2025-08-30 07:58:16,732 - src.game.data.save_manager - INFO - Save successful: save/state.json
2025-08-30 07:58:16,781 - src.game.data.save_manager - INFO - Save successful: save/state.json
2025-08-30 07:58:46,742 - src.game.data.save_manager - INFO - Save successful: save/state.json
2025-08-30 07:58:46,759 - src.game.data.save_manager - INFO - Save successful: save/state.json
2025-08-30 07:59:16,760 - src.game.data.save_manager - INFO - Save successful: save/state.json
2025-08-30 07:59:16,774 - src.game.data.save_manager - INFO - Save successful: save/state.json
2025-08-30 07:59:46,781 - src.game.data.save_manager - INFO - Save successful: save/state.json
2025-08-30 07:59:46,796 - src.game.data.save_manager - INFO - Save successful: save/state.json
2025-08-30 08:00:16,805 - src.game.data.save_manager - INFO - Save successful: save/state.json
2025-08-30 08:00:16,821 - src.game.data.save_manager - INFO - Save successful: save/state.json
2025-08-30 08:00:46,823 - src.game.data.save_manager - INFO - Save successful: save/state.json
2025-08-30 08:00:46,837 - src.game.data.save_manager - INFO - Save successful: save/state.json
2025-08-30 08:01:16,828 - src.game.data.save_manager - INFO - Save successful: save/state.json
2025-08-30 08:01:16,851 - src.game.data.save_manager - INFO - Save successful: save/state.json
2025-08-30 08:01:40,075 - __main__ - INFO - Game finished successfully
2025-08-30 08:01:43,674 - src.game.data.save_manager - INFO - Load successful: save/state.json
2025-08-30 08:01:44,533 - __main__ - INFO - Game engine initialized successfully
2025-08-30 08:02:14,560 - src.game.data.save_manager - INFO - Save successful: save/state.json
2025-08-30 08:02:14,607 - src.game.data.save_manager - INFO - Save successful: save/state.json
2025-08-30 08:02:34,994 - __main__ - INFO - Game finished successfully
2025-08-30 08:02:38,289 - src.game.data.save_manager - INFO - Load successful: save/state.json
2025-08-30 08:02:39,376 - __main__ - INFO - Game engine initialized successfully
2025-08-30 08:03:09,412 - src.game.data.save_manager - INFO - Save successful: save/state.json
2025-08-30 08:03:09,430 - src.game.data.save_manager - INFO - Save successful: save/state.json
2025-08-30 08:03:39,419 - src.game.data.save_manager - INFO - Save successful: save/state.json
2025-08-30 08:03:39,442 - src.game.data.save_manager - INFO - Save successful: save/state.json
2025-08-30 08:04:09,433 - src.game.data.save_manager - INFO - Save successful: save/state.json
2025-08-30 08:04:09,465 - src.game.data.save_manager - INFO - Save successful: save/state.json
2025-08-30 08:04:39,432 - src.game.data.save_manager - INFO - Save successful: save/state.json
2025-08-30 08:04:39,453 - src.game.data.save_manager - INFO - Save successful: save/state.json
2025-08-30 08:05:09,449 - src.game.data.save_manager - INFO - Save successful: save/state.json
2025-08-30 08:05:09,469 - src.game.data.save_manager - INFO - Save successful: save/state.json
2025-08-30 08:05:30,436 - __main__ - INFO - Game finished successfully
2025-08-30 08:08:47,256 - src.game.data.save_manager - INFO - Load successful: save/state.json
2025-08-30 08:08:48,155 - __main__ - INFO - Game engine initialized successfully
2025-08-30 08:09:18,168 - src.game.data.save_manager - INFO - Save successful: save/state.json
2025-08-30 08:09:18,180 - src.game.data.save_manager - INFO - Save successful: save/state.json
2025-08-30 08:09:48,177 - src.game.data.save_manager - INFO - Save successful: save/state.json
2025-08-30 08:09:48,190 - src.game.data.save_manager - INFO - Save successful: save/state.json
2025-08-30 08:10:18,194 - src.game.data.save_manager - INFO - Save successful: save/state.json
2025-08-30 08:10:18,209 - src.game.data.save_manager - INFO - Save successful: save/state.json
2025-08-30 08:10:48,210 - src.game.data.save_manager - INFO - Save successful: save/state.json
2025-08-30 08:10:48,230 - src.game.data.save_manager - INFO - Save successful: save/state.json
2025-08-30 08:10:56,356 - __main__ - INFO - Game finished successfully
2025-08-30 08:11:44,998 - src.game.data.save_manager - INFO - Load successful: save/state.json
2025-08-30 08:11:46,180 - __main__ - INFO - Game engine initialized successfully
2025-08-30 08:12:16,206 - src.game.data.save_manager - INFO - Save successful: save/state.json
2025-08-30 08:12:16,220 - src.game.data.save_manager - INFO - Save successful: save/state.json
2025-08-30 08:12:32,139 - __main__ - INFO - Game finished successfully
2025-08-30 08:14:14,212 - src.game.data.save_manager - INFO - Load successful: save/state.json
2025-08-30 08:14:15,113 - __main__ - INFO - Game engine initialized successfully
2025-08-30 08:14:45,150 - src.game.data.save_manager - INFO - Save successful: save/state.json
2025-08-30 08:14:45,167 - src.game.data.save_manager - INFO - Save successful: save/state.json
2025-08-30 08:15:15,118 - __main__ - INFO - Game finished successfully
2025-08-30 08:15:18,343 - src.game.data.save_manager - INFO - Load successful: save/state.json
2025-08-30 08:15:19,217 - __main__ - INFO - Game engine initialized successfully
2025-08-30 08:15:23,071 - __main__ - INFO - Game finished successfully
2025-08-30 08:15:29,807 - src.game.data.save_manager - INFO - Load successful: save/state.json
2025-08-30 08:15:30,592 - __main__ - INFO - Game engine initialized successfully
2025-08-30 08:15:35,361 - __main__ - INFO - Game finished successfully
2025-08-30 08:17:33,831 - src.game.data.save_manager - INFO - Load successful: save/state.json
2025-08-30 08:17:34,731 - __main__ - INFO - Game engine initialized successfully
2025-08-30 08:18:04,758 - src.game.data.save_manager - INFO - Save successful: save/state.json
2025-08-30 08:18:04,771 - src.game.data.save_manager - INFO - Save successful: save/state.json
2025-08-30 08:18:34,783 - src.game.data.save_manager - INFO - Save successful: save/state.json
2025-08-30 08:18:34,798 - src.game.data.save_manager - INFO - Save successful: save/state.json
2025-08-30 08:19:04,797 - src.game.data.save_manager - INFO - Save successful: save/state.json
2025-08-30 08:19:04,812 - src.game.data.save_manager - INFO - Save successful: save/state.json
2025-08-30 08:19:34,819 - src.game.data.save_manager - INFO - Save successful: save/state.json
2025-08-30 08:19:34,839 - src.game.data.save_manager - INFO - Save successful: save/state.json
2025-08-30 08:20:04,844 - src.game.data.save_manager - INFO - Save successful: save/state.json
2025-08-30 08:20:04,866 - src.game.data.save_manager - INFO - Save successful: save/state.json
2025-08-30 08:20:34,844 - src.game.data.save_manager - INFO - Save successful: save/state.json
2025-08-30 08:20:34,873 - src.game.data.save_manager - INFO - Save successful: save/state.json
2025-08-30 08:21:04,903 - src.game.data.save_manager - INFO - Save successful: save/state.json
2025-08-30 08:21:04,944 - src.game.data.save_manager - INFO - Save successful: save/state.json
2025-08-30 08:21:22,436 - __main__ - INFO - Game finished successfully
2025-08-30 08:21:26,205 - src.game.data.save_manager - INFO - Load successful: save/state.json
2025-08-30 08:21:27,176 - __main__ - INFO - Game engine initialized successfully
2025-08-30 08:21:57,229 - src.game.data.save_manager - INFO - Save successful: save/state.json
2025-08-30 08:21:57,258 - src.game.data.save_manager - INFO - Save successful: save/state.json
2025-08-30 08:22:27,246 - src.game.data.save_manager - INFO - Save successful: save/state.json
2025-08-30 08:22:27,263 - src.game.data.save_manager - INFO - Save successful: save/state.json
2025-08-30 08:22:57,296 - src.game.data.save_manager - INFO - Save successful: save/state.json
2025-08-30 08:22:57,320 - src.game.data.save_manager - INFO - Save successful: save/state.json
2025-08-30 08:23:15,152 - __main__ - INFO - Game finished successfully
2025-08-30 08:25:47,467 - src.game.data.save_manager - INFO - Load successful: save/state.json
2025-08-30 08:25:48,655 - __main__ - INFO - Game engine initialized successfully
2025-08-30 08:25:54,261 - __main__ - INFO - Game finished successfully
2025-09-07 01:48:50,487 - src.game.data.save_manager - INFO - No save file found, creating new game
2025-09-07 01:48:50,609 - __main__ - INFO - Game engine initialized successfully
2025-09-07 01:49:20,629 - src.game.data.save_manager - INFO - Save successful: save/state.json
2025-09-07 01:49:20,633 - src.game.data.save_manager - INFO - Save successful: save/state.json
2025-09-07 01:49:50,663 - src.game.data.save_manager - INFO - Save successful: save/state.json
2025-09-07 01:49:50,668 - src.game.data.save_manager - INFO - Save successful: save/state.json
2025-09-07 01:50:20,681 - src.game.data.save_manager - INFO - Save successful: save/state.json
2025-09-07 01:50:20,688 - src.game.data.save_manager - INFO - Save successful: save/state.json
2025-09-07 01:50:50,704 - src.game.data.save_manager - INFO - Save successful: save/state.json
2025-09-07 01:50:50,708 - src.game.data.save_manager - INFO - Save successful: save/state.json
2025-09-07 01:51:20,708 - src.game.data.save_manager - INFO - Save successful: save/state.json
2025-09-07 01:51:20,716 - src.game.data.save_manager - INFO - Save successful: save/state.json
2025-09-07 01:51:50,741 - src.game.data.save_manager - INFO - Save successful: save/state.json
2025-09-07 01:51:50,745 - src.game.data.save_manager - INFO - Save successful: save/state.json
2025-09-07 01:52:20,776 - src.game.data.save_manager - INFO - Save successful: save/state.json
2025-09-07 01:52:20,781 - src.game.data.save_manager - INFO - Save successful: save/state.json
2025-09-07 01:52:50,825 - src.game.data.save_manager - INFO - Save successful: save/state.json
2025-09-07 01:52:50,828 - src.game.data.save_manager - INFO - Save successful: save/state.json
2025-09-07 01:53:10,113 - __main__ - INFO - Game finished successfully
2025-09-07 02:01:28,821 - src.game.data.save_manager - INFO - Load successful: save/state.json
2025-09-07 02:01:28,975 - __main__ - INFO - Game engine initialized successfully
2025-09-07 02:01:36,764 - __main__ - INFO - Game finished successfully
2025-09-07 02:01:37,151 - src.game.data.save_manager - INFO - Load successful: save/state.json
2025-09-07 02:01:37,271 - __main__ - INFO - Game engine initialized successfully
2025-09-07 02:02:07,303 - src.game.data.save_manager - INFO - Save successful: save/state.json
2025-09-07 02:02:07,310 - src.game.data.save_manager - INFO - Save successful: save/state.json
2025-09-07 02:02:37,313 - src.game.data.save_manager - INFO - Save successful: save/state.json
2025-09-07 02:02:37,322 - src.game.data.save_manager - INFO - Save successful: save/state.json
2025-09-07 02:03:07,323 - src.game.data.save_manager - INFO - Save successful: save/state.json
2025-09-07 02:03:07,332 - src.game.data.save_manager - INFO - Save successful: save/state.json
2025-09-07 02:03:37,328 - src.game.data.save_manager - INFO - Save successful: save/state.json
2025-09-07 02:03:37,337 - src.game.data.save_manager - INFO - Save successful: save/state.json
2025-09-07 02:04:07,357 - src.game.data.save_manager - INFO - Save successful: save/state.json
2025-09-07 02:04:07,361 - src.game.data.save_manager - INFO - Save successful: save/state.json
2025-09-07 02:04:37,380 - src.game.data.save_manager - INFO - Save successful: save/state.json
2025-09-07 02:04:37,385 - src.game.data.save_manager - INFO - Save successful: save/state.json
2025-09-07 02:05:07,417 - src.game.data.save_manager - INFO - Save successful: save/state.json
2025-09-07 02:05:07,424 - src.game.data.save_manager - INFO - Save successful: save/state.json
2025-09-07 02:05:37,439 - src.game.data.save_manager - INFO - Save successful: save/state.json
2025-09-07 02:05:37,447 - src.game.data.save_manager - INFO - Save successful: save/state.json
2025-09-07 02:06:07,468 - src.game.data.save_manager - INFO - Save successful: save/state.json
2025-09-07 02:06:07,475 - src.game.data.save_manager - INFO - Save successful: save/state.json
2025-09-07 02:06:37,490 - src.game.data.save_manager - INFO - Save successful: save/state.json
2025-09-07 02:06:37,496 - src.game.data.save_manager - INFO - Save successful: save/state.json
2025-09-07 02:06:47,951 - src.game.data.save_manager - INFO - Load successful: save/state.json
2025-09-07 02:06:48,075 - __main__ - INFO - Game engine initialized successfully
2025-09-07 02:07:07,524 - src.game.data.save_manager - INFO - Save successful: save/state.json
2025-09-07 02:07:07,531 - src.game.data.save_manager - INFO - Save successful: save/state.json
2025-09-07 02:07:18,104 - src.game.data.save_manager - INFO - Save successful: save/state.json
2025-09-07 02:07:18,107 - src.game.data.save_manager - INFO - Save successful: save/state.json
2025-09-07 02:07:37,537 - src.game.data.save_manager - INFO - Save successful: save/state.json
2025-09-07 02:07:37,548 - src.game.data.save_manager - INFO - Save successful: save/state.json
2025-09-07 02:07:48,140 - src.game.data.save_manager - INFO - Save successful: save/state.json
2025-09-07 02:07:48,144 - src.game.data.save_manager - INFO - Save successful: save/state.json
2025-09-07 02:08:07,555 - src.game.data.save_manager - INFO - Save successful: save/state.json
2025-09-07 02:08:07,563 - src.game.data.save_manager - INFO - Save successful: save/state.json
2025-09-07 02:08:18,178 - src.game.data.save_manager - INFO - Save successful: save/state.json
2025-09-07 02:08:18,183 - src.game.data.save_manager - INFO - Save successful: save/state.json
2025-09-07 02:08:23,400 - __main__ - INFO - Game interrupted by user
2025-09-07 02:08:37,580 - src.game.data.save_manager - INFO - Save successful: save/state.json
2025-09-07 02:08:37,585 - src.game.data.save_manager - INFO - Save successful: save/state.json
2025-09-07 02:09:07,580 - src.game.data.save_manager - INFO - Save successful: save/state.json
2025-09-07 02:09:07,585 - src.game.data.save_manager - INFO - Save successful: save/state.json
2025-09-07 02:09:19,458 - src.game.data.save_manager - INFO - Load successful: save/state.json
2025-09-07 02:09:19,575 - __main__ - INFO - Game engine initialized successfully
2025-09-07 02:09:37,598 - src.game.data.save_manager - INFO - Save successful: save/state.json
2025-09-07 02:09:37,604 - src.game.data.save_manager - INFO - Save successful: save/state.json
2025-09-07 02:09:49,609 - src.game.data.save_manager - INFO - Save successful: save/state.json
2025-09-07 02:09:49,612 - src.game.data.save_manager - INFO - Save successful: save/state.json
2025-09-07 02:10:07,628 - src.game.data.save_manager - INFO - Save successful: save/state.json
2025-09-07 02:10:07,634 - src.game.data.save_manager - INFO - Save successful: save/state.json
2025-09-07 02:10:19,633 - src.game.data.save_manager - INFO - Save successful: save/state.json
2025-09-07 02:10:19,637 - src.game.data.save_manager - INFO - Save successful: save/state.json
2025-09-07 02:10:37,642 - src.game.data.save_manager - INFO - Save successful: save/state.json
2025-09-07 02:10:37,648 - src.game.data.save_manager - INFO - Save successful: save/state.json
2025-09-07 02:10:49,672 - src.game.data.save_manager - INFO - Save successful: save/state.json
2025-09-07 02:10:49,678 - src.game.data.save_manager - INFO - Save successful: save/state.json
2025-09-07 02:11:07,657 - src.game.data.save_manager - INFO - Save successful: save/state.json
2025-09-07 02:11:07,663 - src.game.data.save_manager - INFO - Save successful: save/state.json
2025-09-07 02:11:19,692 - src.game.data.save_manager - INFO - Save successful: save/state.json
2025-09-07 02:11:19,695 - src.game.data.save_manager - INFO - Save successful: save/state.json
2025-09-07 02:11:37,660 - src.game.data.save_manager - INFO - Save successful: save/state.json
2025-09-07 02:11:37,666 - src.game.data.save_manager - INFO - Save successful: save/state.json
2025-09-07 02:11:40,701 - src.game.data.save_manager - INFO - Load successful: save/state.json
2025-09-07 02:11:40,817 - __main__ - INFO - Game engine initialized successfully
2025-09-07 02:11:49,706 - src.game.data.save_manager - INFO - Save successful: save/state.json
2025-09-07 02:11:49,710 - src.game.data.save_manager - INFO - Save successful: save/state.json
2025-09-07 02:12:07,686 - src.game.data.save_manager - INFO - Save successful: save/state.json
2025-09-07 02:12:07,692 - src.game.data.save_manager - INFO - Save successful: save/state.json
2025-09-07 02:12:10,831 - src.game.data.save_manager - INFO - Save successful: save/state.json
2025-09-07 02:12:10,835 - src.game.data.save_manager - INFO - Save successful: save/state.json
2025-09-07 02:12:19,739 - src.game.data.save_manager - INFO - Save successful: save/state.json
2025-09-07 02:12:19,743 - src.game.data.save_manager - INFO - Save successful: save/state.json
2025-09-07 02:12:37,689 - src.game.data.save_manager - INFO - Save successful: save/state.json
2025-09-07 02:12:37,700 - src.game.data.save_manager - INFO - Save successful: save/state.json
2025-09-07 02:12:40,862 - src.game.data.save_manager - INFO - Save successful: save/state.json
2025-09-07 02:12:40,866 - src.game.data.save_manager - INFO - Save successful: save/state.json
2025-09-07 02:12:49,746 - src.game.data.save_manager - INFO - Save successful: save/state.json
2025-09-07 02:12:49,749 - src.game.data.save_manager - INFO - Save successful: save/state.json
2025-09-07 02:13:07,717 - src.game.data.save_manager - INFO - Save successful: save/state.json
2025-09-07 02:13:07,722 - src.game.data.save_manager - INFO - Save successful: save/state.json
2025-09-07 02:13:10,866 - src.game.data.save_manager - INFO - Save successful: save/state.json
2025-09-07 02:13:10,871 - src.game.data.save_manager - INFO - Save successful: save/state.json
2025-09-07 02:13:19,775 - src.game.data.save_manager - INFO - Save successful: save/state.json
2025-09-07 02:13:19,780 - src.game.data.save_manager - INFO - Save successful: save/state.json
2025-09-07 02:13:37,726 - src.game.data.save_manager - INFO - Save successful: save/state.json
2025-09-07 02:13:37,732 - src.game.data.save_manager - INFO - Save successful: save/state.json
2025-09-07 02:13:40,870 - src.game.data.save_manager - INFO - Save successful: save/state.json
2025-09-07 02:13:40,874 - src.game.data.save_manager - INFO - Save successful: save/state.json
2025-09-07 02:13:49,778 - src.game.data.save_manager - INFO - Save successful: save/state.json
2025-09-07 02:13:49,781 - src.game.data.save_manager - INFO - Save successful: save/state.json
2025-09-07 02:13:54,263 - __main__ - INFO - Game interrupted by user
2025-09-07 02:14:07,728 - src.game.data.save_manager - INFO - Save successful: save/state.json
2025-09-07 02:14:07,733 - src.game.data.save_manager - INFO - Save successful: save/state.json
2025-09-07 02:14:10,905 - src.game.data.save_manager - INFO - Save successful: save/state.json
2025-09-07 02:14:10,909 - src.game.data.save_manager - INFO - Save successful: save/state.json
2025-09-07 02:14:37,752 - src.game.data.save_manager - INFO - Save successful: save/state.json
2025-09-07 02:14:37,758 - src.game.data.save_manager - INFO - Save successful: save/state.json
2025-09-07 02:14:40,918 - src.game.data.save_manager - INFO - Save successful: save/state.json
2025-09-07 02:14:40,923 - src.game.data.save_manager - INFO - Save successful: save/state.json
2025-09-07 02:15:07,774 - src.game.data.save_manager - INFO - Save successful: save/state.json
2025-09-07 02:15:07,780 - src.game.data.save_manager - INFO - Save successful: save/state.json
2025-09-07 02:15:10,943 - src.game.data.save_manager - INFO - Save successful: save/state.json
2025-09-07 02:15:10,949 - src.game.data.save_manager - INFO - Save successful: save/state.json
2025-09-07 02:15:37,806 - src.game.data.save_manager - INFO - Save successful: save/state.json
2025-09-07 02:15:37,810 - src.game.data.save_manager - INFO - Save successful: save/state.json
2025-09-07 02:15:40,964 - src.game.data.save_manager - INFO - Save successful: save/state.json
2025-09-07 02:15:40,968 - src.game.data.save_manager - INFO - Save successful: save/state.json
2025-09-07 02:16:07,805 - src.game.data.save_manager - INFO - Save successful: save/state.json
2025-09-07 02:16:07,810 - src.game.data.save_manager - INFO - Save successful: save/state.json
2025-09-07 02:16:10,999 - src.game.data.save_manager - INFO - Save successful: save/state.json
2025-09-07 02:16:11,007 - src.game.data.save_manager - INFO - Save successful: save/state.json
2025-09-07 02:16:36,072 - __main__ - INFO - Game finished successfully
2025-09-07 02:16:37,833 - src.game.data.save_manager - INFO - Save successful: save/state.json
2025-09-07 02:16:37,836 - src.game.data.save_manager - INFO - Save successful: save/state.json
2025-09-07 02:17:07,840 - src.game.data.save_manager - INFO - Save successful: save/state.json
2025-09-07 02:17:07,845 - src.game.data.save_manager - INFO - Save successful: save/state.json
2025-09-07 02:17:37,858 - src.game.data.save_manager - INFO - Save successful: save/state.json
2025-09-07 02:17:37,862 - src.game.data.save_manager - INFO - Save successful: save/state.json
2025-09-07 02:18:07,886 - src.game.data.save_manager - INFO - Save successful: save/state.json
2025-09-07 02:18:07,888 - src.game.data.save_manager - INFO - Save successful: save/state.json
2025-09-07 02:18:37,890 - src.game.data.save_manager - INFO - Save successful: save/state.json
2025-09-07 02:18:37,892 - src.game.data.save_manager - INFO - Save successful: save/state.json
2025-09-07 02:19:07,929 - src.game.data.save_manager - INFO - Save successful: save/state.json
2025-09-07 02:19:07,936 - src.game.data.save_manager - INFO - Save successful: save/state.json
2025-09-07 02:19:37,953 - src.game.data.save_manager - INFO - Save successful: save/state.json
2025-09-07 02:19:37,959 - src.game.data.save_manager - INFO - Save successful: save/state.json
2025-09-07 02:20:07,968 - src.game.data.save_manager - INFO - Save successful: save/state.json
2025-09-07 02:20:07,974 - src.game.data.save_manager - INFO - Save successful: save/state.json
2025-09-07 02:20:37,970 - src.game.data.save_manager - INFO - Save successful: save/state.json
2025-09-07 02:20:37,976 - src.game.data.save_manager - INFO - Save successful: save/state.json
2025-09-07 02:21:07,977 - src.game.data.save_manager - INFO - Save successful: save/state.json
2025-09-07 02:21:07,983 - src.game.data.save_manager - INFO - Save successful: save/state.json
2025-09-07 02:21:37,986 - src.game.data.save_manager - INFO - Save successful: save/state.json
2025-09-07 02:21:37,991 - src.game.data.save_manager - INFO - Save successful: save/state.json
2025-09-07 02:22:08,003 - src.game.data.save_manager - INFO - Save successful: save/state.json
2025-09-07 02:22:08,008 - src.game.data.save_manager - INFO - Save successful: save/state.json
2025-09-07 02:22:38,019 - src.game.data.save_manager - INFO - Save successful: save/state.json
2025-09-07 02:22:38,024 - src.game.data.save_manager - INFO - Save successful: save/state.json
2025-09-07 02:23:08,051 - src.game.data.save_manager - INFO - Save successful: save/state.json
2025-09-07 02:23:08,056 - src.game.data.save_manager - INFO - Save successful: save/state.json
2025-09-07 02:23:38,085 - src.game.data.save_manager - INFO - Save successful: save/state.json
2025-09-07 02:23:38,093 - src.game.data.save_manager - INFO - Save successful: save/state.json
2025-09-07 02:24:08,117 - src.game.data.save_manager - INFO - Save successful: save/state.json
2025-09-07 02:24:08,122 - src.game.data.save_manager - INFO - Save successful: save/state.json
2025-09-07 02:24:38,141 - src.game.data.save_manager - INFO - Save successful: save/state.json
2025-09-07 02:24:38,147 - src.game.data.save_manager - INFO - Save successful: save/state.json
2025-09-07 02:25:08,169 - src.game.data.save_manager - INFO - Save successful: save/state.json
2025-09-07 02:25:08,176 - src.game.data.save_manager - INFO - Save successful: save/state.json
2025-09-07 02:25:38,197 - src.game.data.save_manager - INFO - Save successful: save/state.json
2025-09-07 02:25:38,202 - src.game.data.save_manager - INFO - Save successful: save/state.json
2025-09-07 02:26:08,227 - src.game.data.save_manager - INFO - Save successful: save/state.json
2025-09-07 02:26:08,234 - src.game.data.save_manager - INFO - Save successful: save/state.json
2025-09-07 02:26:38,256 - src.game.data.save_manager - INFO - Save successful: save/state.json
2025-09-07 02:26:38,261 - src.game.data.save_manager - INFO - Save successful: save/state.json
2025-09-07 02:27:08,277 - src.game.data.save_manager - INFO - Save successful: save/state.json
2025-09-07 02:27:08,282 - src.game.data.save_manager - INFO - Save successful: save/state.json
2025-09-07 02:27:38,314 - src.game.data.save_manager - INFO - Save successful: save/state.json
2025-09-07 02:27:38,318 - src.game.data.save_manager - INFO - Save successful: save/state.json
2025-09-07 02:28:08,350 - src.game.data.save_manager - INFO - Save successful: save/state.json
2025-09-07 02:28:08,355 - src.game.data.save_manager - INFO - Save successful: save/state.json
2025-09-07 02:28:38,372 - src.game.data.save_manager - INFO - Save successful: save/state.json
2025-09-07 02:28:38,376 - src.game.data.save_manager - INFO - Save successful: save/state.json
2025-09-07 02:28:51,301 - src.game.data.save_manager - INFO - Load successful: save/state.json
2025-09-07 02:28:51,677 - __main__ - INFO - Game engine initialized successfully
2025-09-07 02:29:08,404 - src.game.data.save_manager - INFO - Save successful: save/state.json
2025-09-07 02:29:08,406 - src.game.data.save_manager - INFO - Save successful: save/state.json
2025-09-07 02:29:21,691 - src.game.data.save_manager - INFO - Save successful: save/state.json
2025-09-07 02:29:21,694 - src.game.data.save_manager - INFO - Save successful: save/state.json
2025-09-07 02:29:38,443 - src.game.data.save_manager - INFO - Save successful: save/state.json
2025-09-07 02:29:38,448 - src.game.data.save_manager - INFO - Save successful: save/state.json
2025-09-07 02:29:51,708 - src.game.data.save_manager - INFO - Save successful: save/state.json
2025-09-07 02:29:51,725 - src.game.data.save_manager - INFO - Save successful: save/state.json
2025-09-07 02:30:08,462 - src.game.data.save_manager - INFO - Save successful: save/state.json
2025-09-07 02:30:08,465 - src.game.data.save_manager - INFO - Save successful: save/state.json
2025-09-07 02:30:21,702 - src.game.data.save_manager - INFO - Save successful: save/state.json
2025-09-07 02:30:21,712 - src.game.data.save_manager - INFO - Save successful: save/state.json
2025-09-07 02:30:38,469 - src.game.data.save_manager - INFO - Save successful: save/state.json
2025-09-07 02:30:38,473 - src.game.data.save_manager - INFO - Save successful: save/state.json
2025-09-07 02:30:51,711 - src.game.data.save_manager - INFO - Save successful: save/state.json
2025-09-07 02:30:51,714 - src.game.data.save_manager - INFO - Save successful: save/state.json
2025-09-07 02:31:08,449 - src.game.data.save_manager - INFO - Save successful: save/state.json
2025-09-07 02:31:08,450 - src.game.data.save_manager - INFO - Save successful: save/state.json
2025-09-07 02:31:21,744 - src.game.data.save_manager - INFO - Save successful: save/state.json
2025-09-07 02:31:21,748 - src.game.data.save_manager - INFO - Save successful: save/state.json
2025-09-07 02:31:38,470 - src.game.data.save_manager - INFO - Save successful: save/state.json
2025-09-07 02:31:38,478 - src.game.data.save_manager - INFO - Save successful: save/state.json
2025-09-07 02:31:51,774 - src.game.data.save_manager - INFO - Save successful: save/state.json
2025-09-07 02:31:51,777 - src.game.data.save_manager - INFO - Save successful: save/state.json
2025-09-07 02:32:08,476 - src.game.data.save_manager - INFO - Save successful: save/state.json
2025-09-07 02:32:08,478 - src.game.data.save_manager - INFO - Save successful: save/state.json
2025-09-07 02:32:21,799 - src.game.data.save_manager - INFO - Save successful: save/state.json
2025-09-07 02:32:21,801 - src.game.data.save_manager - INFO - Save successful: save/state.json
2025-09-07 02:32:38,501 - src.game.data.save_manager - INFO - Save successful: save/state.json
2025-09-07 02:32:38,505 - src.game.data.save_manager - INFO - Save successful: save/state.json
2025-09-07 02:32:51,820 - src.game.data.save_manager - INFO - Save successful: save/state.json
2025-09-07 02:32:51,825 - src.game.data.save_manager - INFO - Save successful: save/state.json
2025-09-07 02:33:08,527 - src.game.data.save_manager - INFO - Save successful: save/state.json
2025-09-07 02:33:08,529 - src.game.data.save_manager - INFO - Save successful: save/state.json
2025-09-07 02:33:21,851 - src.game.data.save_manager - INFO - Save successful: save/state.json
2025-09-07 02:33:21,857 - src.game.data.save_manager - INFO - Save successful: save/state.json
2025-09-07 02:33:38,564 - src.game.data.save_manager - INFO - Save successful: save/state.json
2025-09-07 02:33:38,569 - src.game.data.save_manager - INFO - Save successful: save/state.json
2025-09-07 02:33:51,869 - src.game.data.save_manager - INFO - Save successful: save/state.json
2025-09-07 02:33:51,872 - src.game.data.save_manager - INFO - Save successful: save/state.json
2025-09-07 02:34:08,567 - src.game.data.save_manager - INFO - Save successful: save/state.json
2025-09-07 02:34:08,573 - src.game.data.save_manager - INFO - Save successful: save/state.json
2025-09-07 02:34:21,896 - src.game.data.save_manager - INFO - Save successful: save/state.json
2025-09-07 02:34:21,900 - src.game.data.save_manager - INFO - Save successful: save/state.json
2025-09-07 02:34:38,569 - src.game.data.save_manager - INFO - Save successful: save/state.json
2025-09-07 02:34:38,575 - src.game.data.save_manager - INFO - Save successful: save/state.json
2025-09-07 02:34:51,925 - src.game.data.save_manager - INFO - Save successful: save/state.json
2025-09-07 02:34:51,928 - src.game.data.save_manager - INFO - Save successful: save/state.json
2025-09-07 02:35:08,583 - src.game.data.save_manager - INFO - Save successful: save/state.json
2025-09-07 02:35:08,586 - src.game.data.save_manager - INFO - Save successful: save/state.json
2025-09-07 02:35:21,940 - src.game.data.save_manager - INFO - Save successful: save/state.json
2025-09-07 02:35:21,944 - src.game.data.save_manager - INFO - Save successful: save/state.json
2025-09-07 02:35:38,603 - src.game.data.save_manager - INFO - Save successful: save/state.json
2025-09-07 02:35:38,608 - src.game.data.save_manager - INFO - Save successful: save/state.json
2025-09-07 02:35:51,965 - src.game.data.save_manager - INFO - Save successful: save/state.json
2025-09-07 02:35:51,969 - src.game.data.save_manager - INFO - Save successful: save/state.json
2025-09-07 02:36:08,632 - src.game.data.save_manager - INFO - Save successful: save/state.json
2025-09-07 02:36:08,636 - src.game.data.save_manager - INFO - Save successful: save/state.json
2025-09-07 02:36:21,983 - src.game.data.save_manager - INFO - Save successful: save/state.json
2025-09-07 02:36:21,987 - src.game.data.save_manager - INFO - Save successful: save/state.json
2025-09-07 02:36:38,653 - src.game.data.save_manager - INFO - Save successful: save/state.json
2025-09-07 02:36:38,659 - src.game.data.save_manager - INFO - Save successful: save/state.json
2025-09-07 02:36:51,992 - src.game.data.save_manager - INFO - Save successful: save/state.json
2025-09-07 02:36:51,995 - src.game.data.save_manager - INFO - Save successful: save/state.json
2025-09-07 02:37:08,686 - src.game.data.save_manager - INFO - Save successful: save/state.json
2025-09-07 02:37:08,690 - src.game.data.save_manager - INFO - Save successful: save/state.json
2025-09-07 02:37:22,021 - src.game.data.save_manager - INFO - Save successful: save/state.json
2025-09-07 02:37:22,026 - src.game.data.save_manager - INFO - Save successful: save/state.json
2025-09-07 02:37:38,695 - src.game.data.save_manager - INFO - Save successful: save/state.json
2025-09-07 02:37:38,701 - src.game.data.save_manager - INFO - Save successful: save/state.json
2025-09-07 02:37:52,024 - src.game.data.save_manager - INFO - Save successful: save/state.json
2025-09-07 02:37:52,028 - src.game.data.save_manager - INFO - Save successful: save/state.json
2025-09-07 02:38:08,702 - src.game.data.save_manager - INFO - Save successful: save/state.json
2025-09-07 02:38:08,707 - src.game.data.save_manager - INFO - Save successful: save/state.json
2025-09-07 02:38:22,044 - src.game.data.save_manager - INFO - Save successful: save/state.json
2025-09-07 02:38:22,048 - src.game.data.save_manager - INFO - Save successful: save/state.json
2025-09-07 02:38:38,726 - src.game.data.save_manager - INFO - Save successful: save/state.json
2025-09-07 02:38:38,730 - src.game.data.save_manager - INFO - Save successful: save/state.json
2025-09-07 02:38:52,064 - src.game.data.save_manager - INFO - Save successful: save/state.json
2025-09-07 02:38:52,068 - src.game.data.save_manager - INFO - Save successful: save/state.json
2025-09-07 02:39:08,760 - src.game.data.save_manager - INFO - Save successful: save/state.json
2025-09-07 02:39:08,766 - src.game.data.save_manager - INFO - Save successful: save/state.json
2025-09-07 02:39:22,066 - src.game.data.save_manager - INFO - Save successful: save/state.json
2025-09-07 02:39:22,069 - src.game.data.save_manager - INFO - Save successful: save/state.json
2025-09-07 02:39:37,500 - src.game.data.save_manager - INFO - Load successful: save/state.json
2025-09-07 02:39:37,636 - __main__ - INFO - Game engine initialized successfully
2025-09-07 02:39:38,763 - src.game.data.save_manager - INFO - Save successful: save/state.json
2025-09-07 02:39:38,766 - src.game.data.save_manager - INFO - Save successful: save/state.json
2025-09-07 02:39:52,070 - src.game.data.save_manager - INFO - Save successful: save/state.json
2025-09-07 02:39:52,076 - src.game.data.save_manager - INFO - Save successful: save/state.json
2025-09-07 02:40:07,669 - src.game.data.save_manager - INFO - Save successful: save/state.json
2025-09-07 02:40:07,673 - src.game.data.save_manager - INFO - Save successful: save/state.json
2025-09-07 02:40:08,779 - src.game.data.save_manager - INFO - Save successful: save/state.json
2025-09-07 02:40:08,781 - src.game.data.save_manager - INFO - Save successful: save/state.json
2025-09-07 02:40:22,077 - src.game.data.save_manager - INFO - Save successful: save/state.json
2025-09-07 02:40:22,081 - src.game.data.save_manager - INFO - Save successful: save/state.json
2025-09-07 02:40:37,707 - src.game.data.save_manager - INFO - Save successful: save/state.json
2025-09-07 02:40:37,710 - src.game.data.save_manager - INFO - Save successful: save/state.json
2025-09-07 02:40:38,803 - src.game.data.save_manager - INFO - Save successful: save/state.json
2025-09-07 02:40:38,807 - src.game.data.save_manager - INFO - Save successful: save/state.json
2025-09-07 02:40:52,095 - src.game.data.save_manager - INFO - Save successful: save/state.json
2025-09-07 02:40:52,098 - src.game.data.save_manager - INFO - Save successful: save/state.json
2025-09-07 02:41:07,738 - src.game.data.save_manager - INFO - Save successful: save/state.json
2025-09-07 02:41:07,742 - src.game.data.save_manager - INFO - Save successful: save/state.json
2025-09-07 02:41:08,825 - src.game.data.save_manager - INFO - Save successful: save/state.json
2025-09-07 02:41:08,828 - src.game.data.save_manager - INFO - Save successful: save/state.json
2025-09-07 02:41:22,128 - src.game.data.save_manager - INFO - Save successful: save/state.json
2025-09-07 02:41:22,133 - src.game.data.save_manager - INFO - Save successful: save/state.json
2025-09-07 02:41:37,757 - src.game.data.save_manager - INFO - Save successful: save/state.json
2025-09-07 02:41:37,761 - src.game.data.save_manager - INFO - Save successful: save/state.json
2025-09-07 02:41:38,828 - src.game.data.save_manager - INFO - Save successful: save/state.json
2025-09-07 02:41:38,832 - src.game.data.save_manager - INFO - Save successful: save/state.json
2025-09-07 02:41:52,133 - src.game.data.save_manager - INFO - Save successful: save/state.json
2025-09-07 02:41:52,137 - src.game.data.save_manager - INFO - Save successful: save/state.json
2025-09-07 02:42:07,776 - src.game.data.save_manager - INFO - Save successful: save/state.json
2025-09-07 02:42:07,783 - src.game.data.save_manager - INFO - Save successful: save/state.json
2025-09-07 02:42:08,847 - src.game.data.save_manager - INFO - Save successful: save/state.json
2025-09-07 02:42:08,849 - src.game.data.save_manager - INFO - Save successful: save/state.json
2025-09-07 02:42:22,154 - src.game.data.save_manager - INFO - Save successful: save/state.json
2025-09-07 02:42:22,158 - src.game.data.save_manager - INFO - Save successful: save/state.json
2025-09-07 02:42:37,786 - src.game.data.save_manager - INFO - Save successful: save/state.json
2025-09-07 02:42:37,788 - src.game.data.save_manager - INFO - Save successful: save/state.json
2025-09-07 02:42:38,856 - src.game.data.save_manager - INFO - Save successful: save/state.json
2025-09-07 02:42:38,859 - src.game.data.save_manager - INFO - Save successful: save/state.json
2025-09-07 02:42:52,151 - src.game.data.save_manager - INFO - Save successful: save/state.json
2025-09-07 02:42:52,155 - src.game.data.save_manager - INFO - Save successful: save/state.json
2025-09-07 02:43:07,793 - src.game.data.save_manager - INFO - Save successful: save/state.json
2025-09-07 02:43:07,796 - src.game.data.save_manager - INFO - Save successful: save/state.json
2025-09-07 02:43:08,891 - src.game.data.save_manager - INFO - Save successful: save/state.json
2025-09-07 02:43:08,895 - src.game.data.save_manager - INFO - Save successful: save/state.json
2025-09-07 02:43:22,170 - src.game.data.save_manager - INFO - Save successful: save/state.json
2025-09-07 02:43:22,172 - src.game.data.save_manager - INFO - Save successful: save/state.json
2025-09-07 02:43:37,806 - src.game.data.save_manager - INFO - Save successful: save/state.json
2025-09-07 02:43:37,811 - src.game.data.save_manager - INFO - Save successful: save/state.json
2025-09-07 02:43:38,910 - src.game.data.save_manager - INFO - Save successful: save/state.json
2025-09-07 02:43:38,914 - src.game.data.save_manager - INFO - Save successful: save/state.json
2025-09-07 02:43:52,196 - src.game.data.save_manager - INFO - Save successful: save/state.json
2025-09-07 02:43:52,202 - src.game.data.save_manager - INFO - Save successful: save/state.json
2025-09-07 02:44:00,259 - __main__ - INFO - Game interrupted by user
2025-09-07 02:44:08,943 - src.game.data.save_manager - INFO - Save successful: save/state.json
2025-09-07 02:44:08,948 - src.game.data.save_manager - INFO - Save successful: save/state.json
2025-09-07 02:44:22,226 - src.game.data.save_manager - INFO - Save successful: save/state.json
2025-09-07 02:44:22,251 - src.game.data.save_manager - INFO - Save successful: save/state.json
2025-09-07 02:44:33,226 - __main__ - INFO - Game finished successfully
2025-09-07 02:44:38,970 - src.game.data.save_manager - INFO - Save successful: save/state.json
2025-09-07 02:44:38,976 - src.game.data.save_manager - INFO - Save successful: save/state.json
2025-09-07 02:44:46,198 - src.game.data.save_manager - INFO - Load successful: save/state.json
2025-09-07 02:44:46,332 - __main__ - INFO - Game engine initialized successfully
2025-09-07 02:45:08,974 - src.game.data.save_manager - INFO - Save successful: save/state.json
2025-09-07 02:45:08,979 - src.game.data.save_manager - INFO - Save successful: save/state.json
2025-09-07 02:45:16,373 - src.game.data.save_manager - INFO - Save successful: save/state.json
2025-09-07 02:45:16,382 - src.game.data.save_manager - INFO - Save successful: save/state.json
2025-09-07 02:45:38,982 - src.game.data.save_manager - INFO - Save successful: save/state.json
2025-09-07 02:45:38,988 - src.game.data.save_manager - INFO - Save successful: save/state.json
2025-09-07 02:45:46,388 - src.game.data.save_manager - INFO - Save successful: save/state.json
2025-09-07 02:45:46,399 - src.game.data.save_manager - INFO - Save successful: save/state.json
2025-09-07 02:46:09,004 - src.game.data.save_manager - INFO - Save successful: save/state.json
2025-09-07 02:46:09,008 - src.game.data.save_manager - INFO - Save successful: save/state.json
2025-09-07 02:46:16,412 - src.game.data.save_manager - INFO - Save successful: save/state.json
2025-09-07 02:46:16,415 - src.game.data.save_manager - INFO - Save successful: save/state.json
2025-09-07 02:46:39,032 - src.game.data.save_manager - INFO - Save successful: save/state.json
2025-09-07 02:46:39,036 - src.game.data.save_manager - INFO - Save successful: save/state.json
2025-09-07 02:46:46,444 - src.game.data.save_manager - INFO - Save successful: save/state.json
2025-09-07 02:46:46,459 - src.game.data.save_manager - INFO - Save successful: save/state.json
2025-09-07 02:47:09,073 - src.game.data.save_manager - INFO - Save successful: save/state.json
2025-09-07 02:47:09,077 - src.game.data.save_manager - INFO - Save successful: save/state.json
2025-09-07 02:47:16,448 - src.game.data.save_manager - INFO - Save successful: save/state.json
2025-09-07 02:47:16,451 - src.game.data.save_manager - INFO - Save successful: save/state.json
2025-09-07 02:47:39,078 - src.game.data.save_manager - INFO - Save successful: save/state.json
2025-09-07 02:47:39,082 - src.game.data.save_manager - INFO - Save successful: save/state.json
2025-09-07 02:47:46,483 - src.game.data.save_manager - INFO - Save successful: save/state.json
2025-09-07 02:47:46,487 - src.game.data.save_manager - INFO - Save successful: save/state.json
2025-09-07 02:48:09,092 - src.game.data.save_manager - INFO - Save successful: save/state.json
2025-09-07 02:48:09,106 - src.game.data.save_manager - INFO - Save successful: save/state.json
2025-09-07 02:48:16,504 - src.game.data.save_manager - INFO - Save successful: save/state.json
2025-09-07 02:48:16,507 - src.game.data.save_manager - INFO - Save successful: save/state.json
2025-09-07 02:48:39,109 - src.game.data.save_manager - INFO - Save successful: save/state.json
2025-09-07 02:48:39,113 - src.game.data.save_manager - INFO - Save successful: save/state.json
2025-09-07 02:48:46,524 - src.game.data.save_manager - INFO - Save successful: save/state.json
2025-09-07 02:48:46,547 - src.game.data.save_manager - INFO - Save successful: save/state.json
2025-09-07 02:49:09,113 - src.game.data.save_manager - INFO - Save successful: save/state.json
2025-09-07 02:49:09,117 - src.game.data.save_manager - INFO - Save successful: save/state.json
2025-09-07 02:49:16,557 - src.game.data.save_manager - INFO - Save successful: save/state.json
2025-09-07 02:49:16,560 - src.game.data.save_manager - INFO - Save successful: save/state.json
2025-09-07 02:49:39,128 - src.game.data.save_manager - INFO - Save successful: save/state.json
2025-09-07 02:49:39,151 - src.game.data.save_manager - INFO - Save successful: save/state.json
2025-09-07 02:49:46,587 - src.game.data.save_manager - INFO - Save successful: save/state.json
2025-09-07 02:49:46,592 - src.game.data.save_manager - INFO - Save successful: save/state.json
2025-09-07 02:50:09,136 - src.game.data.save_manager - INFO - Save successful: save/state.json
2025-09-07 02:50:09,140 - src.game.data.save_manager - INFO - Save successful: save/state.json
2025-09-07 02:50:16,599 - src.game.data.save_manager - INFO - Save successful: save/state.json
2025-09-07 02:50:16,601 - src.game.data.save_manager - INFO - Save successful: save/state.json
2025-09-07 02:50:39,163 - src.game.data.save_manager - INFO - Save successful: save/state.json
2025-09-07 02:50:39,165 - src.game.data.save_manager - INFO - Save successful: save/state.json
2025-09-07 02:50:46,603 - src.game.data.save_manager - INFO - Save successful: save/state.json
2025-09-07 02:50:46,606 - src.game.data.save_manager - INFO - Save successful: save/state.json
2025-09-07 02:51:09,171 - src.game.data.save_manager - INFO - Save successful: save/state.json
2025-09-07 02:51:09,174 - src.game.data.save_manager - INFO - Save successful: save/state.json
2025-09-07 02:51:16,626 - src.game.data.save_manager - INFO - Save successful: save/state.json
2025-09-07 02:51:16,630 - src.game.data.save_manager - INFO - Save successful: save/state.json
2025-09-07 02:51:39,209 - src.game.data.save_manager - INFO - Save successful: save/state.json
2025-09-07 02:51:39,223 - src.game.data.save_manager - INFO - Save successful: save/state.json
2025-09-07 02:51:46,654 - src.game.data.save_manager - INFO - Save successful: save/state.json
2025-09-07 02:51:46,667 - src.game.data.save_manager - INFO - Save successful: save/state.json
2025-09-07 02:52:09,221 - src.game.data.save_manager - INFO - Save successful: save/state.json
2025-09-07 02:52:09,225 - src.game.data.save_manager - INFO - Save successful: save/state.json
2025-09-07 02:52:16,683 - src.game.data.save_manager - INFO - Save successful: save/state.json
2025-09-07 02:52:16,687 - src.game.data.save_manager - INFO - Save successful: save/state.json
2025-09-07 02:52:39,225 - src.game.data.save_manager - INFO - Save successful: save/state.json
2025-09-07 02:52:39,229 - src.game.data.save_manager - INFO - Save successful: save/state.json
2025-09-07 02:52:46,681 - src.game.data.save_manager - INFO - Save successful: save/state.json
2025-09-07 02:52:46,689 - src.game.data.save_manager - INFO - Save successful: save/state.json
2025-09-07 02:53:09,246 - src.game.data.save_manager - INFO - Save successful: save/state.json
2025-09-07 02:53:09,248 - src.game.data.save_manager - INFO - Save successful: save/state.json
2025-09-07 02:53:16,698 - src.game.data.save_manager - INFO - Save successful: save/state.json
2025-09-07 02:53:16,701 - src.game.data.save_manager - INFO - Save successful: save/state.json
2025-09-07 02:53:39,260 - src.game.data.save_manager - INFO - Save successful: save/state.json
2025-09-07 02:53:39,267 - src.game.data.save_manager - INFO - Save successful: save/state.json
2025-09-07 02:53:46,723 - src.game.data.save_manager - INFO - Save successful: save/state.json
2025-09-07 02:53:46,726 - src.game.data.save_manager - INFO - Save successful: save/state.json
2025-09-07 02:54:09,281 - src.game.data.save_manager - INFO - Save successful: save/state.json
2025-09-07 02:54:09,284 - src.game.data.save_manager - INFO - Save successful: save/state.json
2025-09-07 02:54:16,734 - src.game.data.save_manager - INFO - Save successful: save/state.json
2025-09-07 02:54:16,738 - src.game.data.save_manager - INFO - Save successful: save/state.json
2025-09-07 02:54:39,309 - src.game.data.save_manager - INFO - Save successful: save/state.json
2025-09-07 02:54:39,312 - src.game.data.save_manager - INFO - Save successful: save/state.json
2025-09-07 02:54:46,773 - src.game.data.save_manager - INFO - Save successful: save/state.json
2025-09-07 02:54:46,782 - src.game.data.save_manager - INFO - Save successful: save/state.json
2025-09-07 02:55:09,329 - src.game.data.save_manager - INFO - Save successful: save/state.json
2025-09-07 02:55:09,333 - src.game.data.save_manager - INFO - Save successful: save/state.json
2025-09-07 02:55:16,789 - src.game.data.save_manager - INFO - Save successful: save/state.json
2025-09-07 02:55:16,799 - src.game.data.save_manager - INFO - Save successful: save/state.json
2025-09-07 02:55:39,337 - src.game.data.save_manager - INFO - Save successful: save/state.json
2025-09-07 02:55:39,343 - src.game.data.save_manager - INFO - Save successful: save/state.json
2025-09-07 02:55:46,814 - src.game.data.save_manager - INFO - Save successful: save/state.json
2025-09-07 02:55:46,826 - src.game.data.save_manager - INFO - Save successful: save/state.json
2025-09-07 02:56:09,351 - src.game.data.save_manager - INFO - Save successful: save/state.json
2025-09-07 02:56:09,356 - src.game.data.save_manager - INFO - Save successful: save/state.json
2025-09-07 02:56:16,826 - src.game.data.save_manager - INFO - Save successful: save/state.json
2025-09-07 02:56:16,829 - src.game.data.save_manager - INFO - Save successful: save/state.json
2025-09-07 02:56:39,365 - src.game.data.save_manager - INFO - Save successful: save/state.json
2025-09-07 02:56:39,370 - src.game.data.save_manager - INFO - Save successful: save/state.json
2025-09-07 02:56:46,836 - src.game.data.save_manager - INFO - Save successful: save/state.json
2025-09-07 02:56:46,839 - src.game.data.save_manager - INFO - Save successful: save/state.json
2025-09-07 02:57:09,392 - src.game.data.save_manager - INFO - Save successful: save/state.json
2025-09-07 02:57:09,397 - src.game.data.save_manager - INFO - Save successful: save/state.json
2025-09-07 02:57:16,866 - src.game.data.save_manager - INFO - Save successful: save/state.json
2025-09-07 02:57:16,880 - src.game.data.save_manager - INFO - Save successful: save/state.json
2025-09-07 05:22:27,823 - src.game.data.save_manager - INFO - Load successful: save/state.json
2025-09-07 05:22:28,921 - __main__ - INFO - Game engine initialized successfully
2025-09-07 05:22:58,933 - src.game.data.save_manager - ERROR - Save failed: Object of type GrowthStage is not JSON serializable
2025-09-07 05:22:58,938 - src.game.data.save_manager - INFO - Restored from backup
2025-09-07 05:22:58,950 - src.game.data.save_manager - ERROR - Save failed: Object of type GrowthStage is not JSON serializable
2025-09-07 05:22:58,956 - src.game.data.save_manager - INFO - Restored from backup
2025-09-07 05:23:15,005 - __main__ - INFO - Game finished successfully
